TN:
SF:src\app.ts
FN:17,(anonymous_1)
FNF:1
FNH:1
FNDA:1,(anonymous_1)
DA:1,3
DA:2,3
DA:3,3
DA:4,3
DA:5,3
DA:6,3
DA:7,3
DA:10,3
DA:12,3
DA:13,3
DA:14,3
DA:17,3
DA:18,1
DA:22,3
DA:23,3
DA:26,3
DA:29,3
LF:17
LH:17
BRF:0
BRH:0
end_of_record
TN:
SF:src\modules\transfer\transfer.controller.ts
FN:8,(anonymous_0)
FNF:1
FNH:1
FNDA:15,(anonymous_0)
DA:2,3
DA:3,3
DA:6,3
DA:10,15
DA:12,15
DA:13,1
DA:17,14
DA:18,14
DA:19,1
DA:23,13
DA:25,13
DA:27,8
LF:12
LH:12
BRDA:12,0,0,1
BRDA:12,0,1,14
BRDA:18,1,0,1
BRDA:18,1,1,13
BRF:4
BRH:4
end_of_record
TN:
SF:src\modules\transfer\transfer.schema.ts
FNF:0
FNH:0
DA:1,3
DA:4,3
LF:2
LH:2
BRF:0
BRH:0
end_of_record
TN:
SF:src\modules\transfer\transfer.service.ts
FN:14,(anonymous_0)
FN:21,(anonymous_1)
FN:31,(anonymous_2)
FN:32,(anonymous_3)
FNF:4
FNH:4
FNDA:13,(anonymous_0)
FNDA:12,(anonymous_1)
FNDA:13,(anonymous_2)
FNDA:20,(anonymous_3)
DA:1,3
DA:2,3
DA:3,3
DA:4,3
DA:12,3
DA:15,13
DA:18,13
DA:19,13
DA:21,12
DA:23,12
DA:25,12
DA:31,13
DA:32,20
DA:34,12
DA:35,2
DA:39,10
DA:48,10
DA:49,2
DA:52,8
DA:55,8
DA:63,8
DA:73,7
DA:87,7
DA:88,7
DA:101,7
DA:105,7
DA:107,7
LF:27
LH:27
BRDA:19,0,0,1
BRDA:19,0,1,12
BRDA:34,1,0,2
BRDA:34,1,1,10
BRDA:34,2,0,12
BRDA:34,2,1,11
BRDA:48,3,0,2
BRDA:48,3,1,8
BRDA:48,4,0,10
BRDA:48,4,1,0
BRDA:87,5,0,7
BRDA:87,5,1,0
BRF:12
BRH:10
end_of_record
TN:
SF:src\modules\wallet\wallet.controller.ts
FN:8,(anonymous_0)
FN:16,(anonymous_1)
FNF:2
FNH:2
FNDA:5,(anonymous_0)
FNDA:4,(anonymous_1)
DA:2,3
DA:3,3
DA:6,3
DA:9,5
DA:11,3
DA:13,2
DA:17,4
DA:20,4
DA:21,1
DA:24,3
DA:26,2
LF:11
LH:11
BRDA:20,0,0,1
BRDA:20,0,1,3
BRDA:20,1,0,4
BRDA:20,1,1,4
BRDA:20,1,2,4
BRF:5
BRH:5
end_of_record
TN:
SF:src\modules\wallet\wallet.repository.ts
FN:4,(anonymous_0)
FN:12,(anonymous_1)
FNF:2
FNH:2
FNDA:3,(anonymous_0)
FNDA:3,(anonymous_1)
DA:1,3
DA:3,3
DA:5,3
DA:13,3
LF:4
LH:4
BRF:0
BRH:0
end_of_record
TN:
SF:src\modules\wallet\wallet.schema.ts
FNF:0
FNH:0
DA:1,3
DA:3,3
LF:2
LH:2
BRF:0
BRH:0
end_of_record
TN:
SF:src\modules\wallet\wallet.service.ts
FN:8,(anonymous_0)
FN:12,(anonymous_1)
FNF:2
FNH:2
FNDA:3,(anonymous_0)
FNDA:3,(anonymous_1)
DA:1,3
DA:2,3
DA:3,3
DA:6,3
DA:9,3
DA:13,3
DA:15,3
DA:16,1
DA:19,2
DA:28,2
LF:10
LH:10
BRDA:15,0,0,1
BRDA:15,0,1,2
BRDA:28,1,0,2
BRDA:28,1,1,1
BRF:4
BRH:4
end_of_record
TN:
SF:src\shared\cache\redis.ts
FNF:0
FNH:0
DA:1,3
DA:3,3
LF:2
LH:2
BRF:0
BRH:0
end_of_record
TN:
SF:src\shared\database\prisma.ts
FNF:0
FNH:0
DA:1,3
DA:2,3
DA:3,3
DA:5,3
DA:6,0
DA:9,3
DA:10,3
DA:12,3
LF:8
LH:7
BRDA:5,0,0,0
BRDA:5,0,1,3
BRF:2
BRH:1
end_of_record
TN:
SF:src\shared\errors\base.error.ts
FN:2,(anonymous_0)
FNF:1
FNH:1
FNDA:5,(anonymous_0)
DA:1,3
DA:3,5
DA:4,5
DA:6,5
LF:4
LH:4
BRF:0
BRH:0
end_of_record
TN:
SF:src\shared\middlewares\async-handler.ts
FN:7,(anonymous_0)
FN:8,(anonymous_1)
FNF:2
FNH:2
FNDA:9,(anonymous_0)
FNDA:24,(anonymous_1)
DA:7,3
DA:8,9
DA:9,24
LF:3
LH:3
BRF:0
BRH:0
end_of_record
TN:
SF:src\shared\middlewares\error-handler.ts
FN:6,errorHandler
FN:16,(anonymous_1)
FNF:2
FNH:2
FNDA:11,errorHandler
FNDA:2,(anonymous_1)
DA:2,3
DA:3,3
DA:6,3
DA:13,11
DA:14,2
DA:16,2
DA:24,9
DA:25,5
DA:31,4
DA:32,3
DA:34,2
DA:39,0
DA:43,1
DA:48,2
DA:50,2
LF:15
LH:14
BRDA:13,0,0,2
BRDA:13,0,1,9
BRDA:24,1,0,5
BRDA:24,1,1,4
BRDA:31,2,0,3
BRDA:31,2,1,1
BRDA:32,3,0,2
BRDA:32,3,1,0
BRDA:32,3,2,1
BRF:9
BRH:8
end_of_record
